
C:\stuff\robots\x64\Release\opencv_core341.dll
C:\stuff\robots\x64\Release\zlib1.dll
C:\stuff\robots\x64\Release\opencv_highgui341.dll
C:\stuff\robots\x64\Release\opencv_videoio341.dll
C:\stuff\robots\x64\Release\opencv_imgcodecs341.dll
C:\stuff\robots\x64\Release\opencv_imgproc341.dll
C:\stuff\robots\x64\Release\jpeg62.dll
C:\stuff\robots\x64\Release\webp.dll
C:\stuff\robots\x64\Release\libpng16.dll
C:\stuff\robots\x64\Release\tiff.dll
C:\stuff\robots\x64\Release\lzma.dll
C:\stuff\robots\x64\Release\jasper.dll
C:\stuff\robots\x64\Release\IlmImf-2_2.dll
C:\stuff\robots\x64\Release\Half.dll
C:\stuff\robots\x64\Release\Iex-2_2.dll
C:\stuff\robots\x64\Release\Imath-2_2.dll
C:\stuff\robots\x64\Release\IlmThread-2_2.dll
C:\stuff\robots\x64\Release\Qt5Test.dll
C:\stuff\robots\x64\Release\Qt5Core.dll
C:\stuff\robots\x64\Release\pcre2-16.dll
C:\stuff\robots\x64\Release\double-conversion.dll
C:\stuff\robots\x64\Release\Qt5OpenGL.dll
C:\stuff\robots\x64\Release\Qt5Widgets.dll
C:\stuff\robots\x64\Release\Qt5Gui.dll
C:\stuff\robots\x64\Release\platforms\qwindows.dll
C:\stuff\robots\x64\Release\imageformats\qgif.dll
C:\stuff\robots\x64\Release\imageformats\qicns.dll
C:\stuff\robots\x64\Release\imageformats\qico.dll
C:\stuff\robots\x64\Release\imageformats\qjpeg.dll
C:\stuff\robots\x64\Release\imageformats\qsvg.dll
C:\stuff\robots\x64\Release\Qt5Svg.dll
C:\stuff\robots\x64\Release\imageformats\qtga.dll
C:\stuff\robots\x64\Release\imageformats\qtiff.dll
C:\stuff\robots\x64\Release\imageformats\qwbmp.dll
C:\stuff\robots\x64\Release\imageformats\qwebp.dll
C:\stuff\robots\x64\Release\iconengines\qsvgicon.dll
C:\stuff\robots\x64\Release\harfbuzz.dll
C:\stuff\robots\x64\Release\freetype.dll
C:\stuff\robots\x64\Release\libbz2.dll
C:\stuff\robots\x64\Release\glib-2.dll
C:\stuff\robots\x64\Release\pcre.dll
C:\stuff\robots\x64\Release\libiconv.dll
C:\stuff\robots\x64\Release\libcharset.dll
C:\stuff\robots\x64\Release\libintl.dll
